
=== Ciclo iniciado 2026-01-14 10:05:24 ===
2026-01-14 10:05:24 | geminiBalance.py | 0.7 segundos | exit=1
2026-01-14 10:05:25 | vblinkBalance.py | 0.7 segundos | exit=1
2026-01-14 10:05:26 | jackpotfrenzyBalance.py | 0.7 segundos | exit=1
2026-01-14 10:05:26 | ultrapandaBalance.py | 0.6 segundos | exit=1

=== Ciclo iniciado 2026-01-14 10:14:21 ===
2026-01-14 10:14:22 | geminiBalance.py | 0.7 segundos | exit=1
2026-01-14 10:14:23 | vblinkBalance.py | 0.7 segundos | exit=1
2026-01-14 10:14:23 | jackpotfrenzyBalance.py | 0.6 segundos | exit=1
2026-01-14 10:14:24 | ultrapandaBalance.py | 0.7 segundos | exit=1

=== Ciclo iniciado 2026-01-14 10:15:28 ===
2026-01-14 10:15:33 | geminiBalance.py | 4.7 segundos | exit=1
2026-01-14 10:15:41 | vblinkBalance.py | 7.6 segundos | exit=1

=== Ciclo iniciado 2026-01-14 10:15:57 ===
2026-01-14 10:17:04 | geminiBalance.py | 67.4 segundos | exit=0

=== Ciclo iniciado 2026-01-15 12:56:18 ===

=== Ciclo iniciado 2026-01-15 12:58:21 ===

=== Ciclo iniciado 2026-01-15 13:12:04 ===

=== Ciclo iniciado 2026-01-15 13:13:31 ===

=== Ciclo iniciado 2026-01-15 13:14:03 ===
2026-01-15 13:15:11 | geminiBalance.py | 67.4 segundos | exit=0
