
=== Ciclo iniciado 2026-01-14 10:05:24 ===
2026-01-14 10:05:24 | acebookBalance.py | 0.7 segundos | exit=1
2026-01-14 10:05:25 | riversweepsBalance.py | 0.6 segundos | exit=1
2026-01-14 10:05:26 | bluedragonBalance.py | 0.7 segundos | exit=1
2026-01-14 10:05:26 | megaspinBalance.py | 0.6 segundos | exit=1

=== Ciclo iniciado 2026-01-14 10:14:21 ===
2026-01-14 10:14:22 | acebookBalance.py | 0.7 segundos | exit=1
2026-01-14 10:14:23 | riversweepsBalance.py | 0.7 segundos | exit=1
2026-01-14 10:14:23 | bluedragonBalance.py | 0.6 segundos | exit=1
2026-01-14 10:14:24 | megaspinBalance.py | 0.6 segundos | exit=1

=== Ciclo iniciado 2026-01-14 10:15:28 ===
2026-01-14 10:15:36 | acebookBalance.py | 7.9 segundos | exit=1
2026-01-14 10:15:37 | riversweepsBalance.py | 0.4 segundos | exit=-1073741510
2026-01-14 10:15:41 | bluedragonBalance.py | 4.0 segundos | exit=1

=== Ciclo iniciado 2026-01-14 10:15:57 ===
2026-01-14 10:17:43 | acebookBalance.py | 106.6 segundos | exit=0
2026-01-14 10:19:11 | riversweepsBalance.py | 88.0 segundos | exit=0

=== Ciclo iniciado 2026-01-15 12:56:18 ===

=== Ciclo iniciado 2026-01-15 12:58:21 ===

=== Ciclo iniciado 2026-01-15 13:12:04 ===

=== Ciclo iniciado 2026-01-15 13:13:31 ===

=== Ciclo iniciado 2026-01-15 13:14:03 ===

=== Ciclo iniciado 2026-01-16 15:28:01 ===
2026-01-16 15:34:01 | acebookBalance.py | 359.3 segundos | exit=0
2026-01-16 15:37:09 | riversweepsBalance.py | 188.8 segundos | exit=0
2026-01-16 15:37:40 | bluedragonBalance.py | 30.6 segundos | exit=0
2026-01-16 15:38:26 | megaspinBalance.py | 46.5 segundos | exit=0
2026-01-16 15:39:24 | glamourspinBalance.py | 57.7 segundos | exit=0
2026-01-16 15:39:58 | fishgloryBalance.py | 34.0 segundos | exit=0
2026-01-16 15:41:30 | vegasxBalance.py | 91.7 segundos | exit=0
2026-01-16 15:45:34 | egameBalance.py | 244.2 segundos | exit=0
2026-01-16 15:49:39 | goldentreasureBalance.py | 244.7 segundos | exit=0
=== Ciclo terminado 2026-01-16 15:49:39 ===

=== Ciclo iniciado 2026-01-16 15:49:44 ===
2026-01-16 15:52:15 | acebookBalance.py | 151.4 segundos | exit=0
2026-01-16 15:55:28 | riversweepsBalance.py | 193.0 segundos | exit=0
2026-01-16 15:55:28 | bluedragonBalance.py | 0.3 segundos | exit=1
2026-01-16 15:55:29 | megaspinBalance.py | 0.3 segundos | exit=1
2026-01-16 15:55:29 | glamourspinBalance.py | 0.2 segundos | exit=1
2026-01-16 15:55:29 | fishgloryBalance.py | 0.2 segundos | exit=1
2026-01-16 15:55:29 | vegasxBalance.py | 0.3 segundos | exit=1
2026-01-16 15:55:30 | egameBalance.py | 0.3 segundos | exit=1
2026-01-16 15:55:30 | goldentreasureBalance.py | 0.2 segundos | exit=1
=== Ciclo terminado 2026-01-16 15:55:30 ===

=== Ciclo iniciado 2026-01-16 15:55:35 ===
2026-01-16 15:55:35 | acebookBalance.py | 0.3 segundos | exit=1
2026-01-16 15:55:35 | riversweepsBalance.py | 0.3 segundos | exit=1
2026-01-16 15:55:36 | bluedragonBalance.py | 0.3 segundos | exit=1
2026-01-16 15:55:36 | megaspinBalance.py | 0.3 segundos | exit=1
2026-01-16 15:55:36 | glamourspinBalance.py | 0.3 segundos | exit=1
2026-01-16 15:55:37 | fishgloryBalance.py | 0.3 segundos | exit=1
2026-01-16 15:55:37 | vegasxBalance.py | 0.3 segundos | exit=1
2026-01-16 15:55:37 | egameBalance.py | 0.3 segundos | exit=1
2026-01-16 15:55:37 | goldentreasureBalance.py | 0.3 segundos | exit=1
=== Ciclo terminado 2026-01-16 15:55:37 ===

=== Ciclo iniciado 2026-01-16 15:55:42 ===
2026-01-16 15:55:43 | acebookBalance.py | 0.3 segundos | exit=1
2026-01-16 15:55:43 | riversweepsBalance.py | 0.3 segundos | exit=1
2026-01-16 15:55:43 | bluedragonBalance.py | 0.3 segundos | exit=1
2026-01-16 15:55:43 | megaspinBalance.py | 0.3 segundos | exit=1
2026-01-16 15:55:44 | glamourspinBalance.py | 0.3 segundos | exit=1
2026-01-16 15:55:44 | fishgloryBalance.py | 0.3 segundos | exit=1
2026-01-16 15:55:44 | vegasxBalance.py | 0.3 segundos | exit=1
2026-01-16 15:55:45 | egameBalance.py | 0.3 segundos | exit=1
2026-01-16 15:55:45 | goldentreasureBalance.py | 0.3 segundos | exit=1
=== Ciclo terminado 2026-01-16 15:55:45 ===

=== Ciclo iniciado 2026-01-16 15:55:50 ===
2026-01-16 15:55:50 | acebookBalance.py | 0.3 segundos | exit=1
2026-01-16 15:55:50 | riversweepsBalance.py | 0.3 segundos | exit=1
2026-01-16 15:55:51 | bluedragonBalance.py | 0.2 segundos | exit=1
2026-01-16 15:55:51 | megaspinBalance.py | 0.3 segundos | exit=1
2026-01-16 15:55:51 | glamourspinBalance.py | 0.3 segundos | exit=1
2026-01-16 15:55:51 | fishgloryBalance.py | 0.3 segundos | exit=1
2026-01-16 15:55:52 | vegasxBalance.py | 0.3 segundos | exit=1
2026-01-16 15:55:52 | egameBalance.py | 0.3 segundos | exit=1
2026-01-16 15:55:52 | goldentreasureBalance.py | 0.3 segundos | exit=1
=== Ciclo terminado 2026-01-16 15:55:52 ===

=== Ciclo iniciado 2026-01-16 15:55:57 ===
2026-01-16 15:55:58 | acebookBalance.py | 0.3 segundos | exit=1
2026-01-16 15:55:58 | riversweepsBalance.py | 0.3 segundos | exit=1
2026-01-16 15:55:58 | bluedragonBalance.py | 0.3 segundos | exit=1
2026-01-16 15:55:58 | megaspinBalance.py | 0.3 segundos | exit=1
2026-01-16 15:55:59 | glamourspinBalance.py | 0.3 segundos | exit=1
2026-01-16 15:55:59 | fishgloryBalance.py | 0.3 segundos | exit=1
2026-01-16 15:55:59 | vegasxBalance.py | 0.3 segundos | exit=1
2026-01-16 15:55:59 | egameBalance.py | 0.3 segundos | exit=1
2026-01-16 15:56:00 | goldentreasureBalance.py | 0.3 segundos | exit=1
=== Ciclo terminado 2026-01-16 15:56:00 ===

=== Ciclo iniciado 2026-01-16 15:56:05 ===
2026-01-16 15:56:05 | acebookBalance.py | 0.3 segundos | exit=1
2026-01-16 15:56:05 | riversweepsBalance.py | 0.3 segundos | exit=1
2026-01-16 15:56:06 | bluedragonBalance.py | 0.3 segundos | exit=1
2026-01-16 15:56:06 | megaspinBalance.py | 0.2 segundos | exit=1
2026-01-16 15:56:06 | glamourspinBalance.py | 0.2 segundos | exit=1
2026-01-16 15:56:06 | fishgloryBalance.py | 0.3 segundos | exit=1
2026-01-16 15:56:07 | vegasxBalance.py | 0.3 segundos | exit=1
2026-01-16 15:56:07 | egameBalance.py | 0.3 segundos | exit=1
2026-01-16 15:56:07 | goldentreasureBalance.py | 0.3 segundos | exit=1
=== Ciclo terminado 2026-01-16 15:56:07 ===

=== Ciclo iniciado 2026-01-16 15:56:12 ===
2026-01-16 15:58:45 | acebookBalance.py | 153.0 segundos | exit=0
2026-01-16 16:01:57 | riversweepsBalance.py | 192.3 segundos | exit=0
2026-01-16 16:02:28 | bluedragonBalance.py | 30.8 segundos | exit=0
2026-01-16 16:03:14 | megaspinBalance.py | 46.1 segundos | exit=0
2026-01-16 16:04:13 | glamourspinBalance.py | 59.0 segundos | exit=0
2026-01-16 16:04:47 | fishgloryBalance.py | 33.5 segundos | exit=0
2026-01-16 16:06:19 | vegasxBalance.py | 91.8 segundos | exit=0
2026-01-16 16:09:46 | egameBalance.py | 207.4 segundos | exit=0
2026-01-16 16:13:02 | goldentreasureBalance.py | 195.9 segundos | exit=1
=== Ciclo terminado 2026-01-16 16:13:02 ===

=== Ciclo iniciado 2026-01-16 16:13:07 ===
2026-01-16 16:16:23 | acebookBalance.py | 195.9 segundos | exit=1
2026-01-16 16:19:38 | riversweepsBalance.py | 194.8 segundos | exit=0
2026-01-16 16:20:09 | bluedragonBalance.py | 31.6 segundos | exit=0
2026-01-16 16:20:55 | megaspinBalance.py | 45.6 segundos | exit=0
2026-01-16 16:22:39 | glamourspinBalance.py | 103.9 segundos | exit=0
2026-01-16 16:23:13 | fishgloryBalance.py | 34.6 segundos | exit=0
2026-01-16 16:24:53 | vegasxBalance.py | 99.7 segundos | exit=0
2026-01-16 16:28:15 | egameBalance.py | 201.8 segundos | exit=0
