
=== Ciclo iniciado 2026-01-14 10:05:24 ===
2026-01-14 10:05:24 | cashfrenzyBalance.py | 0.7 segundos | exit=1
2026-01-14 10:05:25 | winnersclubBalance.py | 0.7 segundos | exit=1
2026-01-14 10:05:26 | superdragonBalance.py | 0.7 segundos | exit=1
2026-01-14 10:05:26 | vegassweepsBalance.py | 0.6 segundos | exit=1

=== Ciclo iniciado 2026-01-14 10:14:21 ===
2026-01-14 10:14:22 | cashfrenzyBalance.py | 0.7 segundos | exit=1
2026-01-14 10:14:23 | winnersclubBalance.py | 0.7 segundos | exit=1
2026-01-14 10:14:23 | superdragonBalance.py | 0.6 segundos | exit=1
2026-01-14 10:14:24 | vegassweepsBalance.py | 0.7 segundos | exit=1

=== Ciclo iniciado 2026-01-14 10:15:28 ===
2026-01-14 10:15:33 | cashfrenzyBalance.py | 4.7 segundos | exit=1
2026-01-14 10:15:42 | winnersclubBalance.py | 8.6 segundos | exit=-1073741510

=== Ciclo iniciado 2026-01-14 10:15:57 ===
2026-01-14 10:17:00 | cashfrenzyBalance.py | 63.6 segundos | exit=0
2026-01-14 10:17:32 | winnersclubBalance.py | 31.8 segundos | exit=0
2026-01-14 10:19:34 | superdragonBalance.py | 121.6 segundos | exit=0

=== Ciclo iniciado 2026-01-15 12:56:18 ===

=== Ciclo iniciado 2026-01-15 12:58:21 ===

=== Ciclo iniciado 2026-01-15 13:12:04 ===

=== Ciclo iniciado 2026-01-15 13:13:31 ===

=== Ciclo iniciado 2026-01-15 13:14:03 ===

=== Ciclo iniciado 2026-01-16 11:56:56 ===

=== Ciclo iniciado 2026-01-16 14:14:12 ===

=== Ciclo iniciado 2026-01-16 14:16:37 ===

=== Ciclo iniciado 2026-01-16 14:19:46 ===
2026-01-16 14:21:12 | cashfrenzyBalance.py | 86.7 segundos | exit=0
2026-01-16 14:21:41 | winnersclubBalance.py | 28.6 segundos | exit=0
2026-01-16 14:21:51 | superdragonBalance.py | 10.3 segundos | exit=0
2026-01-16 14:26:02 | vegassweepsBalance.py | 250.5 segundos | exit=0
2026-01-16 14:30:13 | highstakesBalance.py | 251.7 segundos | exit=0
2026-01-16 14:31:05 | mrallinoneBalance.py | 51.2 segundos | exit=0
2026-01-16 14:35:16 | siriusBalance.py | 251.1 segundos | exit=0
2026-01-16 14:39:26 | easystreetBalance.py | 250.4 segundos | exit=0
2026-01-16 14:41:36 | vegasrollBalance.py | 129.6 segundos | exit=0
2026-01-16 14:42:00 | moolahBalance.py | 24.7 segundos | exit=0
2026-01-16 14:54:59 | lootBalance.py | 778.8 segundos | exit=0
2026-01-16 15:03:08 | luckyparadiseBalance.py | 488.4 segundos | exit=0
2026-01-16 15:03:31 | rivermonsterBalance.py | 23.3 segundos | exit=0
2026-01-16 15:04:18 | jokerBalance.py | 47.2 segundos | exit=0
2026-01-16 15:04:42 | krakenBalance.py | 24.0 segundos | exit=0
=== Ciclo terminado 2026-01-16 15:04:42 ===

=== Ciclo iniciado 2026-01-16 15:04:47 ===
2026-01-16 15:05:57 | cashfrenzyBalance.py | 70.0 segundos | exit=0
2026-01-16 15:06:50 | winnersclubBalance.py | 53.1 segundos | exit=0
2026-01-16 15:07:00 | superdragonBalance.py | 10.3 segundos | exit=0
2026-01-16 15:11:11 | vegassweepsBalance.py | 250.2 segundos | exit=0
2026-01-16 15:15:22 | highstakesBalance.py | 251.8 segundos | exit=0
2026-01-16 15:16:00 | mrallinoneBalance.py | 37.9 segundos | exit=0
2026-01-16 15:20:11 | siriusBalance.py | 250.3 segundos | exit=0
2026-01-16 15:24:21 | easystreetBalance.py | 250.4 segundos | exit=0
2026-01-16 15:25:46 | vegasrollBalance.py | 85.3 segundos | exit=0
2026-01-16 15:26:13 | moolahBalance.py | 27.0 segundos | exit=0
2026-01-16 15:26:49 | lootBalance.py | 35.6 segundos | exit=0

=== Ciclo iniciado 2026-01-16 15:28:01 ===
2026-01-16 15:32:27 | cashfrenzyBalance.py | 265.4 segundos | exit=0
2026-01-16 15:33:04 | winnersclubBalance.py | 37.2 segundos | exit=0
2026-01-16 15:33:15 | superdragonBalance.py | 10.9 segundos | exit=0
2026-01-16 15:35:09 | vegassweepsBalance.py | 114.5 segundos | exit=0
2026-01-16 15:35:50 | highstakesBalance.py | 41.0 segundos | exit=0
2026-01-16 15:36:50 | mrallinoneBalance.py | 59.9 segundos | exit=0
2026-01-16 15:38:08 | siriusBalance.py | 78.0 segundos | exit=0
2026-01-16 15:41:45 | easystreetBalance.py | 216.7 segundos | exit=0
2026-01-16 15:43:51 | vegasrollBalance.py | 125.8 segundos | exit=0
2026-01-16 15:44:27 | moolahBalance.py | 36.1 segundos | exit=0
2026-01-16 15:48:21 | lootBalance.py | 233.9 segundos | exit=0
2026-01-16 15:53:20 | luckyparadiseBalance.py | 299.5 segundos | exit=0
2026-01-16 15:53:54 | rivermonsterBalance.py | 33.8 segundos | exit=0
2026-01-16 15:55:10 | jokerBalance.py | 76.0 segundos | exit=0
2026-01-16 15:55:10 | krakenBalance.py | 0.3 segundos | exit=1
=== Ciclo terminado 2026-01-16 15:55:10 ===

=== Ciclo iniciado 2026-01-16 15:55:15 ===
2026-01-16 15:55:16 | cashfrenzyBalance.py | 0.3 segundos | exit=1
2026-01-16 15:55:16 | winnersclubBalance.py | 0.2 segundos | exit=1
2026-01-16 15:55:16 | superdragonBalance.py | 0.3 segundos | exit=1
2026-01-16 15:55:16 | vegassweepsBalance.py | 0.3 segundos | exit=1
2026-01-16 15:55:17 | highstakesBalance.py | 0.3 segundos | exit=1
2026-01-16 15:55:17 | mrallinoneBalance.py | 0.3 segundos | exit=1
2026-01-16 15:55:17 | siriusBalance.py | 0.3 segundos | exit=1
2026-01-16 15:55:17 | easystreetBalance.py | 0.2 segundos | exit=1
2026-01-16 15:55:18 | vegasrollBalance.py | 0.2 segundos | exit=1
2026-01-16 15:55:18 | moolahBalance.py | 0.2 segundos | exit=1
2026-01-16 15:55:18 | lootBalance.py | 0.3 segundos | exit=1
2026-01-16 15:55:18 | luckyparadiseBalance.py | 0.3 segundos | exit=1
2026-01-16 15:55:19 | rivermonsterBalance.py | 0.2 segundos | exit=1
2026-01-16 15:55:19 | jokerBalance.py | 0.2 segundos | exit=1
2026-01-16 15:55:19 | krakenBalance.py | 0.3 segundos | exit=1
=== Ciclo terminado 2026-01-16 15:55:19 ===

=== Ciclo iniciado 2026-01-16 15:55:24 ===
2026-01-16 15:55:24 | cashfrenzyBalance.py | 0.3 segundos | exit=1
2026-01-16 15:55:25 | winnersclubBalance.py | 0.3 segundos | exit=1
2026-01-16 15:55:25 | superdragonBalance.py | 0.3 segundos | exit=1
2026-01-16 15:55:25 | vegassweepsBalance.py | 0.3 segundos | exit=1
2026-01-16 15:55:26 | highstakesBalance.py | 0.3 segundos | exit=1
2026-01-16 15:55:26 | mrallinoneBalance.py | 0.3 segundos | exit=1
2026-01-16 15:55:26 | siriusBalance.py | 0.3 segundos | exit=1
2026-01-16 15:55:26 | easystreetBalance.py | 0.3 segundos | exit=1
2026-01-16 15:55:27 | vegasrollBalance.py | 0.3 segundos | exit=1
2026-01-16 15:55:27 | moolahBalance.py | 0.3 segundos | exit=1
2026-01-16 15:55:27 | lootBalance.py | 0.2 segundos | exit=1
2026-01-16 15:55:27 | luckyparadiseBalance.py | 0.2 segundos | exit=1
2026-01-16 15:55:28 | rivermonsterBalance.py | 0.3 segundos | exit=1
2026-01-16 15:55:28 | jokerBalance.py | 0.3 segundos | exit=1
2026-01-16 15:55:28 | krakenBalance.py | 0.3 segundos | exit=1
=== Ciclo terminado 2026-01-16 15:55:28 ===

=== Ciclo iniciado 2026-01-16 15:55:33 ===
2026-01-16 15:55:33 | cashfrenzyBalance.py | 0.3 segundos | exit=1
2026-01-16 15:55:34 | winnersclubBalance.py | 0.3 segundos | exit=1
2026-01-16 15:55:34 | superdragonBalance.py | 0.2 segundos | exit=1
2026-01-16 15:55:34 | vegassweepsBalance.py | 0.3 segundos | exit=1
2026-01-16 15:55:35 | highstakesBalance.py | 0.3 segundos | exit=1
2026-01-16 15:55:35 | mrallinoneBalance.py | 0.3 segundos | exit=1
2026-01-16 15:55:35 | siriusBalance.py | 0.3 segundos | exit=1
2026-01-16 15:55:35 | easystreetBalance.py | 0.3 segundos | exit=1
2026-01-16 15:55:36 | vegasrollBalance.py | 0.3 segundos | exit=1
2026-01-16 15:55:36 | moolahBalance.py | 0.3 segundos | exit=1
2026-01-16 15:55:36 | lootBalance.py | 0.3 segundos | exit=1
2026-01-16 15:55:37 | luckyparadiseBalance.py | 0.3 segundos | exit=1
2026-01-16 15:55:37 | rivermonsterBalance.py | 0.3 segundos | exit=1
2026-01-16 15:55:37 | jokerBalance.py | 0.3 segundos | exit=1
2026-01-16 15:55:37 | krakenBalance.py | 0.3 segundos | exit=1
=== Ciclo terminado 2026-01-16 15:55:37 ===

=== Ciclo iniciado 2026-01-16 15:55:42 ===
2026-01-16 15:55:43 | cashfrenzyBalance.py | 0.3 segundos | exit=1
2026-01-16 15:55:43 | winnersclubBalance.py | 0.3 segundos | exit=1
2026-01-16 15:55:43 | superdragonBalance.py | 0.3 segundos | exit=1
2026-01-16 15:55:43 | vegassweepsBalance.py | 0.3 segundos | exit=1
2026-01-16 15:55:44 | highstakesBalance.py | 0.3 segundos | exit=1
2026-01-16 15:55:44 | mrallinoneBalance.py | 0.3 segundos | exit=1
2026-01-16 15:55:44 | siriusBalance.py | 0.3 segundos | exit=1
2026-01-16 15:55:45 | easystreetBalance.py | 0.3 segundos | exit=1
2026-01-16 15:55:45 | vegasrollBalance.py | 0.3 segundos | exit=1
2026-01-16 15:55:45 | moolahBalance.py | 0.3 segundos | exit=1
2026-01-16 15:55:45 | lootBalance.py | 0.3 segundos | exit=1
2026-01-16 15:55:46 | luckyparadiseBalance.py | 0.3 segundos | exit=1
2026-01-16 15:55:46 | rivermonsterBalance.py | 0.3 segundos | exit=1
2026-01-16 15:55:46 | jokerBalance.py | 0.2 segundos | exit=1
2026-01-16 15:55:46 | krakenBalance.py | 0.2 segundos | exit=1
=== Ciclo terminado 2026-01-16 15:55:46 ===

=== Ciclo iniciado 2026-01-16 15:55:51 ===
2026-01-16 15:55:52 | cashfrenzyBalance.py | 0.3 segundos | exit=1
2026-01-16 15:55:52 | winnersclubBalance.py | 0.3 segundos | exit=1
2026-01-16 15:55:52 | superdragonBalance.py | 0.3 segundos | exit=1
2026-01-16 15:55:53 | vegassweepsBalance.py | 0.3 segundos | exit=1
2026-01-16 15:55:53 | highstakesBalance.py | 0.3 segundos | exit=1
2026-01-16 15:55:53 | mrallinoneBalance.py | 0.3 segundos | exit=1
2026-01-16 15:55:53 | siriusBalance.py | 0.3 segundos | exit=1
2026-01-16 15:55:54 | easystreetBalance.py | 0.3 segundos | exit=1
2026-01-16 15:55:54 | vegasrollBalance.py | 0.3 segundos | exit=1
2026-01-16 15:55:54 | moolahBalance.py | 0.3 segundos | exit=1
2026-01-16 15:55:54 | lootBalance.py | 0.3 segundos | exit=1
2026-01-16 15:55:55 | luckyparadiseBalance.py | 0.3 segundos | exit=1
2026-01-16 15:55:55 | rivermonsterBalance.py | 0.2 segundos | exit=1
2026-01-16 15:55:55 | jokerBalance.py | 0.3 segundos | exit=1
2026-01-16 15:55:55 | krakenBalance.py | 0.3 segundos | exit=1
=== Ciclo terminado 2026-01-16 15:55:55 ===

=== Ciclo iniciado 2026-01-16 15:56:00 ===
2026-01-16 15:56:01 | cashfrenzyBalance.py | 0.3 segundos | exit=1
2026-01-16 15:56:01 | winnersclubBalance.py | 0.3 segundos | exit=1
2026-01-16 15:56:01 | superdragonBalance.py | 0.3 segundos | exit=1
2026-01-16 15:56:01 | vegassweepsBalance.py | 0.3 segundos | exit=1
2026-01-16 15:56:02 | highstakesBalance.py | 0.3 segundos | exit=1
2026-01-16 15:56:02 | mrallinoneBalance.py | 0.3 segundos | exit=1
2026-01-16 15:56:02 | siriusBalance.py | 0.3 segundos | exit=1
2026-01-16 15:56:03 | easystreetBalance.py | 0.2 segundos | exit=1
2026-01-16 15:56:03 | vegasrollBalance.py | 0.2 segundos | exit=1
2026-01-16 15:56:03 | moolahBalance.py | 0.2 segundos | exit=1
2026-01-16 15:56:03 | lootBalance.py | 0.3 segundos | exit=1
2026-01-16 15:56:04 | luckyparadiseBalance.py | 0.3 segundos | exit=1
2026-01-16 15:56:04 | rivermonsterBalance.py | 0.3 segundos | exit=1
2026-01-16 15:56:04 | jokerBalance.py | 0.3 segundos | exit=1
2026-01-16 15:56:04 | krakenBalance.py | 0.3 segundos | exit=1
=== Ciclo terminado 2026-01-16 15:56:04 ===

=== Ciclo iniciado 2026-01-16 15:56:09 ===
2026-01-16 16:00:43 | cashfrenzyBalance.py | 273.3 segundos | exit=0
2026-01-16 16:01:30 | winnersclubBalance.py | 47.0 segundos | exit=0
2026-01-16 16:01:41 | superdragonBalance.py | 11.5 segundos | exit=0
2026-01-16 16:03:02 | vegassweepsBalance.py | 81.2 segundos | exit=0
2026-01-16 16:03:44 | highstakesBalance.py | 41.3 segundos | exit=0
2026-01-16 16:04:41 | mrallinoneBalance.py | 57.8 segundos | exit=0
2026-01-16 16:05:59 | siriusBalance.py | 77.6 segundos | exit=0
2026-01-16 16:10:22 | easystreetBalance.py | 262.9 segundos | exit=0
2026-01-16 16:13:35 | vegasrollBalance.py | 193.0 segundos | exit=1
2026-01-16 16:16:51 | moolahBalance.py | 196.5 segundos | exit=0
2026-01-16 16:20:47 | lootBalance.py | 235.9 segundos | exit=0
2026-01-16 16:23:48 | luckyparadiseBalance.py | 180.7 segundos | exit=0
2026-01-16 16:24:21 | rivermonsterBalance.py | 33.3 segundos | exit=0
2026-01-16 16:25:28 | jokerBalance.py | 66.8 segundos | exit=0
2026-01-16 16:26:03 | krakenBalance.py | 34.7 segundos | exit=0
=== Ciclo terminado 2026-01-16 16:26:03 ===

=== Ciclo iniciado 2026-01-16 16:26:08 ===
2026-01-16 16:29:49 | cashfrenzyBalance.py | 220.9 segundos | exit=0
2026-01-16 16:30:55 | winnersclubBalance.py | 65.7 segundos | exit=0
2026-01-16 16:31:09 | superdragonBalance.py | 14.9 segundos | exit=0
