
=== Ciclo iniciado 2026-01-14 10:05:24 ===
2026-01-14 10:05:24 | orionBalance.py | 0.7 segundos | exit=1
2026-01-14 10:05:25 | gamevaultBalance.py | 0.7 segundos | exit=1
2026-01-14 10:05:26 | pandamasterBalance.py | 0.7 segundos | exit=1
2026-01-14 10:05:26 | juwaBalance.py | 0.6 segundos | exit=1

=== Ciclo iniciado 2026-01-14 10:14:21 ===
2026-01-14 10:14:22 | orionBalance.py | 0.7 segundos | exit=1
2026-01-14 10:14:23 | gamevaultBalance.py | 0.7 segundos | exit=1
2026-01-14 10:14:23 | pandamasterBalance.py | 0.6 segundos | exit=1
2026-01-14 10:14:24 | juwaBalance.py | 0.6 segundos | exit=1

=== Ciclo iniciado 2026-01-14 10:15:28 ===
2026-01-14 10:15:36 | orionBalance.py | 7.9 segundos | exit=0
2026-01-14 10:15:37 | gamevaultBalance.py | 0.4 segundos | exit=-1073741510

=== Ciclo iniciado 2026-01-14 10:15:57 ===

=== Ciclo iniciado 2026-01-15 12:56:18 ===

=== Ciclo iniciado 2026-01-15 12:58:21 ===

=== Ciclo iniciado 2026-01-15 13:12:04 ===

=== Ciclo iniciado 2026-01-15 13:13:31 ===

=== Ciclo iniciado 2026-01-15 13:14:03 ===

=== Ciclo iniciado 2026-01-16 11:56:56 ===

=== Ciclo iniciado 2026-01-16 14:14:12 ===

=== Ciclo iniciado 2026-01-16 14:16:37 ===

=== Ciclo iniciado 2026-01-16 14:19:46 ===
2026-01-16 14:22:17 | orionBalance.py | 151.3 segundos | exit=0
2026-01-16 15:05:18 | gamevaultBalance.py | 2581.2 segundos | exit=0
2026-01-16 15:09:05 | pandamasterBalance.py | 227.0 segundos | exit=0

=== Ciclo iniciado 2026-01-16 15:28:01 ===
2026-01-16 15:34:05 | orionBalance.py | 363.7 segundos | exit=0
2026-01-16 15:47:17 | gamevaultBalance.py | 792.2 segundos | exit=0
2026-01-16 15:51:21 | pandamasterBalance.py | 243.8 segundos | exit=0
2026-01-16 16:21:38 | juwaBalance.py | 1817.6 segundos | exit=0
2026-01-16 16:25:59 | kingofpopBalance.py | 260.6 segundos | exit=0
2026-01-16 16:30:36 | firekirinBalance.py | 277.0 segundos | exit=0
